<?xml version="1.0" encoding="UTF-8"?>
<testsuite name="com.ssinsaram2.book.springboot.web.domain.posts.PostsRepositoryTest" tests="2" skipped="0" failures="0" errors="0" timestamp="2022-03-11T08:51:31" hostname="DESKTOP-L02OD3L" time="0.344">
  <properties/>
  <testcase name="게시글저장_불러오기" classname="com.ssinsaram2.book.springboot.web.domain.posts.PostsRepositoryTest" time="0.328"/>
  <testcase name="BaseTimeEntity_등록" classname="com.ssinsaram2.book.springboot.web.domain.posts.PostsRepositoryTest" time="0.015"/>
  <system-out><![CDATA[2022-03-11 17:51:24.566  INFO 18020 --- [    Test worker] .b.t.c.SpringBootTestContextBootstrapper : Neither @ContextConfiguration nor @ContextHierarchy found for test class [com.ssinsaram2.book.springboot.web.domain.posts.PostsRepositoryTest], using SpringBootContextLoader
2022-03-11 17:51:24.567  INFO 18020 --- [    Test worker] o.s.t.c.support.AbstractContextLoader    : Could not detect default resource locations for test class [com.ssinsaram2.book.springboot.web.domain.posts.PostsRepositoryTest]: no resource found for suffixes {-context.xml, Context.groovy}.
2022-03-11 17:51:24.568  INFO 18020 --- [    Test worker] t.c.s.AnnotationConfigContextLoaderUtils : Could not detect default configuration classes for test class [com.ssinsaram2.book.springboot.web.domain.posts.PostsRepositoryTest]: PostsRepositoryTest does not declare any static, non-private, non-final, nested classes annotated with @Configuration.
2022-03-11 17:51:24.586  INFO 18020 --- [    Test worker] .b.t.c.SpringBootTestContextBootstrapper : Found @SpringBootConfiguration com.ssinsaram2.book.springboot.Application for test class com.ssinsaram2.book.springboot.web.domain.posts.PostsRepositoryTest
2022-03-11 17:51:24.589  INFO 18020 --- [    Test worker] .b.t.c.SpringBootTestContextBootstrapper : Loaded default TestExecutionListener class names from location [META-INF/spring.factories]: [org.springframework.security.test.context.support.WithSecurityContextTestExecutionListener, org.springframework.security.test.context.support.ReactorContextTestExecutionListener, org.springframework.boot.test.autoconfigure.restdocs.RestDocsTestExecutionListener, org.springframework.boot.test.autoconfigure.web.client.MockRestServiceServerResetTestExecutionListener, org.springframework.boot.test.autoconfigure.web.servlet.MockMvcPrintOnlyOnFailureTestExecutionListener, org.springframework.boot.test.autoconfigure.web.servlet.WebDriverTestExecutionListener, org.springframework.boot.test.mock.mockito.MockitoTestExecutionListener, org.springframework.boot.test.mock.mockito.ResetMocksTestExecutionListener, org.springframework.test.context.web.ServletTestExecutionListener, org.springframework.test.context.support.DirtiesContextBeforeModesTestExecutionListener, org.springframework.test.context.support.DependencyInjectionTestExecutionListener, org.springframework.test.context.support.DirtiesContextTestExecutionListener, org.springframework.test.context.transaction.TransactionalTestExecutionListener, org.springframework.test.context.jdbc.SqlScriptsTestExecutionListener]
2022-03-11 17:51:24.590  INFO 18020 --- [    Test worker] .b.t.c.SpringBootTestContextBootstrapper : Using TestExecutionListeners: [org.springframework.test.context.web.ServletTestExecutionListener@3c4383be, org.springframework.test.context.support.DirtiesContextBeforeModesTestExecutionListener@5cf3a7c2, org.springframework.boot.test.mock.mockito.MockitoTestExecutionListener@3edb43de, org.springframework.boot.test.autoconfigure.SpringBootDependencyInjectionTestExecutionListener@11e651fb, org.springframework.test.context.support.DirtiesContextTestExecutionListener@31987e0a, org.springframework.test.context.transaction.TransactionalTestExecutionListener@7094024c, org.springframework.test.context.jdbc.SqlScriptsTestExecutionListener@14b56a33, org.springframework.security.test.context.support.WithSecurityContextTestExecutionListener@37ff88d7, org.springframework.security.test.context.support.ReactorContextTestExecutionListener@4565c80c, org.springframework.boot.test.autoconfigure.restdocs.RestDocsTestExecutionListener@15b3348e, org.springframework.boot.test.autoconfigure.web.client.MockRestServiceServerResetTestExecutionListener@2ae830f9, org.springframework.boot.test.autoconfigure.web.servlet.MockMvcPrintOnlyOnFailureTestExecutionListener@619abc43, org.springframework.boot.test.autoconfigure.web.servlet.WebDriverTestExecutionListener@a542dd4, org.springframework.boot.test.mock.mockito.ResetMocksTestExecutionListener@64f7f54]

  .   ____          _            __ _ _
 /\\ / ___'_ __ _ _(_)_ __  __ _ \ \ \ \
( ( )\___ | '_ | '_| | '_ \/ _` | \ \ \ \
 \\/  ___)| |_)| | | | | || (_| |  ) ) ) )
  '  |____| .__|_| |_|_| |_\__, | / / / /
 =========|_|==============|___/=/_/_/_/
 :: Spring Boot ::        (v2.1.7.RELEASE)

2022-03-11 17:51:24.639  INFO 18020 --- [    Test worker] c.s.b.s.w.d.posts.PostsRepositoryTest    : Starting PostsRepositoryTest on DESKTOP-L02OD3L with PID 18020 (started by ssins in D:\freelec-springboot2-webservice)
2022-03-11 17:51:24.640  INFO 18020 --- [    Test worker] c.s.b.s.w.d.posts.PostsRepositoryTest    : The following profiles are active: oauth
2022-03-11 17:51:25.272  INFO 18020 --- [    Test worker] .s.d.r.c.RepositoryConfigurationDelegate : Bootstrapping Spring Data repositories in DEFAULT mode.
2022-03-11 17:51:25.388  INFO 18020 --- [    Test worker] .s.d.r.c.RepositoryConfigurationDelegate : Finished Spring Data repository scanning in 102ms. Found 2 repository interfaces.
2022-03-11 17:51:25.865  INFO 18020 --- [    Test worker] trationDelegate$BeanPostProcessorChecker : Bean 'org.springframework.transaction.annotation.ProxyTransactionManagementConfiguration' of type [org.springframework.transaction.annotation.ProxyTransactionManagementConfiguration$$EnhancerBySpringCGLIB$$c467dfd2] is not eligible for getting processed by all BeanPostProcessors (for example: not eligible for auto-proxying)
2022-03-11 17:51:26.159  INFO 18020 --- [    Test worker] com.zaxxer.hikari.HikariDataSource       : HikariPool-1 - Starting...
2022-03-11 17:51:26.482  INFO 18020 --- [    Test worker] com.zaxxer.hikari.HikariDataSource       : HikariPool-1 - Start completed.
2022-03-11 17:51:26.620  INFO 18020 --- [    Test worker] o.hibernate.jpa.internal.util.LogHelper  : HHH000204: Processing PersistenceUnitInfo [
	name: default
	...]
2022-03-11 17:51:26.774  INFO 18020 --- [    Test worker] org.hibernate.Version                    : HHH000412: Hibernate Core {5.3.10.Final}
2022-03-11 17:51:26.776  INFO 18020 --- [    Test worker] org.hibernate.cfg.Environment            : HHH000206: hibernate.properties not found
2022-03-11 17:51:26.862  INFO 18020 --- [    Test worker] o.hibernate.annotations.common.Version   : HCANN000001: Hibernate Commons Annotations {5.0.4.Final}
2022-03-11 17:51:27.107  INFO 18020 --- [    Test worker] org.hibernate.dialect.Dialect            : HHH000400: Using dialect: org.hibernate.dialect.MySQL5InnoDBDialect
Hibernate: drop table if exists posts
Hibernate: drop table if exists user
Hibernate: create table posts (id bigint not null auto_increment, created_date datetime, modified_date datetime, author varchar(255), content TEXT not null, title varchar(500) not null, primary key (id)) engine=InnoDB
Hibernate: create table user (id bigint not null auto_increment, created_date datetime, modified_date datetime, email varchar(255) not null, name varchar(255) not null, picture varchar(255), role varchar(255) not null, primary key (id)) engine=InnoDB
2022-03-11 17:51:28.272  INFO 18020 --- [    Test worker] o.h.t.schema.internal.SchemaCreatorImpl  : HHH000476: Executing import script 'org.hibernate.tool.schema.internal.exec.ScriptSourceInputNonExistentImpl@48cd0adc'
2022-03-11 17:51:28.276  INFO 18020 --- [    Test worker] j.LocalContainerEntityManagerFactoryBean : Initialized JPA EntityManagerFactory for persistence unit 'default'
2022-03-11 17:51:29.137  INFO 18020 --- [    Test worker] o.h.h.i.QueryTranslatorFactoryInitiator  : HHH000397: Using ASTQueryTranslatorFactory
2022-03-11 17:51:29.720  INFO 18020 --- [    Test worker] o.s.s.web.DefaultSecurityFilterChain     : Creating filter chain: any request, [org.springframework.security.web.context.request.async.WebAsyncManagerIntegrationFilter@21048a31, org.springframework.security.web.context.SecurityContextPersistenceFilter@33524c47, org.springframework.security.web.header.HeaderWriterFilter@68741a2a, org.springframework.security.web.authentication.logout.LogoutFilter@4d4957c2, org.springframework.security.oauth2.client.web.OAuth2AuthorizationRequestRedirectFilter@35fbb025, org.springframework.security.oauth2.client.web.OAuth2LoginAuthenticationFilter@5e8279c3, org.springframework.security.web.authentication.ui.DefaultLoginPageGeneratingFilter@6cd81e6a, org.springframework.security.web.authentication.ui.DefaultLogoutPageGeneratingFilter@1ec3aa20, org.springframework.security.web.savedrequest.RequestCacheAwareFilter@3a37fc8a, org.springframework.security.web.servletapi.SecurityContextHolderAwareRequestFilter@725a04ac, org.springframework.security.web.authentication.AnonymousAuthenticationFilter@53c2845a, org.springframework.security.web.session.SessionManagementFilter@7b9ca005, org.springframework.security.web.access.ExceptionTranslationFilter@547bb2fd, org.springframework.security.web.access.intercept.FilterSecurityInterceptor@54844165]
2022-03-11 17:51:30.434  INFO 18020 --- [    Test worker] o.s.s.concurrent.ThreadPoolTaskExecutor  : Initializing ExecutorService 'applicationTaskExecutor'
2022-03-11 17:51:30.461  WARN 18020 --- [    Test worker] aWebConfiguration$JpaWebMvcConfiguration : spring.jpa.open-in-view is enabled by default. Therefore, database queries may be performed during view rendering. Explicitly configure spring.jpa.open-in-view to disable this warning
2022-03-11 17:51:30.518  INFO 18020 --- [    Test worker] o.s.b.a.w.s.WelcomePageHandlerMapping    : Adding welcome page template: index
2022-03-11 17:51:31.316  INFO 18020 --- [    Test worker] s.a.ScheduledAnnotationBeanPostProcessor : No TaskScheduler/ScheduledExecutorService bean found for scheduled processing
2022-03-11 17:51:31.331  INFO 18020 --- [    Test worker] c.s.b.s.w.d.posts.PostsRepositoryTest    : Started PostsRepositoryTest in 6.738 seconds (JVM running for 13.809)
Hibernate: insert into posts (created_date, modified_date, author, content, title) values (?, ?, ?, ?, ?)
Hibernate: select posts0_.id as id1_0_, posts0_.created_date as created_2_0_, posts0_.modified_date as modified3_0_, posts0_.author as author4_0_, posts0_.content as content5_0_, posts0_.title as title6_0_ from posts posts0_
Hibernate: select posts0_.id as id1_0_, posts0_.created_date as created_2_0_, posts0_.modified_date as modified3_0_, posts0_.author as author4_0_, posts0_.content as content5_0_, posts0_.title as title6_0_ from posts posts0_
Hibernate: delete from posts where id=?
Hibernate: insert into posts (created_date, modified_date, author, content, title) values (?, ?, ?, ?, ?)
Hibernate: select posts0_.id as id1_0_, posts0_.created_date as created_2_0_, posts0_.modified_date as modified3_0_, posts0_.author as author4_0_, posts0_.content as content5_0_, posts0_.title as title6_0_ from posts posts0_
>>>>>>>>> createDate=2022-03-11T17:51:31.670, modifiedDate=2022-03-11T17:51:31.670
Hibernate: select posts0_.id as id1_0_, posts0_.created_date as created_2_0_, posts0_.modified_date as modified3_0_, posts0_.author as author4_0_, posts0_.content as content5_0_, posts0_.title as title6_0_ from posts posts0_
Hibernate: delete from posts where id=?
]]></system-out>
  <system-err><![CDATA[]]></system-err>
</testsuite>
