<?xml version="1.0" encoding="UTF-8"?>
<testsuite name="com.ssinsaram2.book.springboot.web.HelloControllerTest" tests="2" skipped="0" failures="0" errors="0" timestamp="2022-03-11T08:51:24" hostname="DESKTOP-L02OD3L" time="0.516">
  <properties/>
  <testcase name="hello가_리턴된다" classname="com.ssinsaram2.book.springboot.web.HelloControllerTest" time="0.399"/>
  <testcase name="helloDto가_리턴된다" classname="com.ssinsaram2.book.springboot.web.HelloControllerTest" time="0.116"/>
  <system-out><![CDATA[17:51:19.978 [Test worker] DEBUG org.springframework.test.context.junit4.SpringJUnit4ClassRunner - SpringJUnit4ClassRunner constructor called with [class com.ssinsaram2.book.springboot.web.HelloControllerTest]
17:51:19.991 [Test worker] DEBUG org.springframework.test.context.BootstrapUtils - Instantiating CacheAwareContextLoaderDelegate from class [org.springframework.test.context.cache.DefaultCacheAwareContextLoaderDelegate]
17:51:20.001 [Test worker] DEBUG org.springframework.test.context.BootstrapUtils - Instantiating BootstrapContext using constructor [public org.springframework.test.context.support.DefaultBootstrapContext(java.lang.Class,org.springframework.test.context.CacheAwareContextLoaderDelegate)]
17:51:20.028 [Test worker] DEBUG org.springframework.test.context.BootstrapUtils - Instantiating TestContextBootstrapper for test class [com.ssinsaram2.book.springboot.web.HelloControllerTest] from class [org.springframework.boot.test.autoconfigure.web.servlet.WebMvcTestContextBootstrapper]
17:51:20.053 [Test worker] INFO org.springframework.boot.test.autoconfigure.web.servlet.WebMvcTestContextBootstrapper - Neither @ContextConfiguration nor @ContextHierarchy found for test class [com.ssinsaram2.book.springboot.web.HelloControllerTest], using SpringBootContextLoader
17:51:20.058 [Test worker] DEBUG org.springframework.test.context.support.AbstractContextLoader - Did not detect default resource location for test class [com.ssinsaram2.book.springboot.web.HelloControllerTest]: class path resource [com/ssinsaram2/book/springboot/web/HelloControllerTest-context.xml] does not exist
17:51:20.059 [Test worker] DEBUG org.springframework.test.context.support.AbstractContextLoader - Did not detect default resource location for test class [com.ssinsaram2.book.springboot.web.HelloControllerTest]: class path resource [com/ssinsaram2/book/springboot/web/HelloControllerTestContext.groovy] does not exist
17:51:20.059 [Test worker] INFO org.springframework.test.context.support.AbstractContextLoader - Could not detect default resource locations for test class [com.ssinsaram2.book.springboot.web.HelloControllerTest]: no resource found for suffixes {-context.xml, Context.groovy}.
17:51:20.060 [Test worker] INFO org.springframework.test.context.support.AnnotationConfigContextLoaderUtils - Could not detect default configuration classes for test class [com.ssinsaram2.book.springboot.web.HelloControllerTest]: HelloControllerTest does not declare any static, non-private, non-final, nested classes annotated with @Configuration.
17:51:20.171 [Test worker] DEBUG org.springframework.test.context.support.ActiveProfilesUtils - Could not find an 'annotation declaring class' for annotation type [org.springframework.test.context.ActiveProfiles] and class [com.ssinsaram2.book.springboot.web.HelloControllerTest]
17:51:20.281 [Test worker] DEBUG org.springframework.context.annotation.ClassPathScanningCandidateComponentProvider - Identified candidate component class: file [D:\freelec-springboot2-webservice\build\classes\java\main\com\ssinsaram2\book\springboot\Application.class]
17:51:20.282 [Test worker] INFO org.springframework.boot.test.context.SpringBootTestContextBootstrapper - Found @SpringBootConfiguration com.ssinsaram2.book.springboot.Application for test class com.ssinsaram2.book.springboot.web.HelloControllerTest
17:51:20.285 [Test worker] DEBUG org.springframework.boot.test.autoconfigure.web.servlet.WebMvcTestContextBootstrapper - @TestExecutionListeners is not present for class [com.ssinsaram2.book.springboot.web.HelloControllerTest]: using defaults.
17:51:20.286 [Test worker] INFO org.springframework.boot.test.autoconfigure.web.servlet.WebMvcTestContextBootstrapper - Loaded default TestExecutionListener class names from location [META-INF/spring.factories]: [org.springframework.security.test.context.support.WithSecurityContextTestExecutionListener, org.springframework.security.test.context.support.ReactorContextTestExecutionListener, org.springframework.boot.test.autoconfigure.restdocs.RestDocsTestExecutionListener, org.springframework.boot.test.autoconfigure.web.client.MockRestServiceServerResetTestExecutionListener, org.springframework.boot.test.autoconfigure.web.servlet.MockMvcPrintOnlyOnFailureTestExecutionListener, org.springframework.boot.test.autoconfigure.web.servlet.WebDriverTestExecutionListener, org.springframework.boot.test.mock.mockito.MockitoTestExecutionListener, org.springframework.boot.test.mock.mockito.ResetMocksTestExecutionListener, org.springframework.test.context.web.ServletTestExecutionListener, org.springframework.test.context.support.DirtiesContextBeforeModesTestExecutionListener, org.springframework.test.context.support.DependencyInjectionTestExecutionListener, org.springframework.test.context.support.DirtiesContextTestExecutionListener, org.springframework.test.context.transaction.TransactionalTestExecutionListener, org.springframework.test.context.jdbc.SqlScriptsTestExecutionListener]
17:51:20.336 [Test worker] INFO org.springframework.boot.test.autoconfigure.web.servlet.WebMvcTestContextBootstrapper - Using TestExecutionListeners: [org.springframework.test.context.web.ServletTestExecutionListener@7b7a4dd4, org.springframework.test.context.support.DirtiesContextBeforeModesTestExecutionListener@28a8591c, org.springframework.boot.test.mock.mockito.MockitoTestExecutionListener@594d6c40, org.springframework.boot.test.autoconfigure.SpringBootDependencyInjectionTestExecutionListener@25072494, org.springframework.test.context.support.DirtiesContextTestExecutionListener@c3ad90d, org.springframework.test.context.transaction.TransactionalTestExecutionListener@6630012f, org.springframework.test.context.jdbc.SqlScriptsTestExecutionListener@54ad4ec5, org.springframework.security.test.context.support.WithSecurityContextTestExecutionListener@4892f340, org.springframework.security.test.context.support.ReactorContextTestExecutionListener@12baa9ee, org.springframework.boot.test.autoconfigure.restdocs.RestDocsTestExecutionListener@7465ebef, org.springframework.boot.test.autoconfigure.web.client.MockRestServiceServerResetTestExecutionListener@4a0048c0, org.springframework.boot.test.autoconfigure.web.servlet.MockMvcPrintOnlyOnFailureTestExecutionListener@1557ba33, org.springframework.boot.test.autoconfigure.web.servlet.WebDriverTestExecutionListener@526594ae, org.springframework.boot.test.mock.mockito.ResetMocksTestExecutionListener@984279e]
17:51:20.340 [Test worker] DEBUG org.springframework.test.annotation.ProfileValueUtils - Retrieved @ProfileValueSourceConfiguration [null] for test class [com.ssinsaram2.book.springboot.web.HelloControllerTest]
17:51:20.342 [Test worker] DEBUG org.springframework.test.annotation.ProfileValueUtils - Retrieved ProfileValueSource type [class org.springframework.test.annotation.SystemProfileValueSource] for class [com.ssinsaram2.book.springboot.web.HelloControllerTest]
17:51:20.343 [Test worker] DEBUG org.springframework.test.annotation.ProfileValueUtils - Retrieved @ProfileValueSourceConfiguration [null] for test class [com.ssinsaram2.book.springboot.web.HelloControllerTest]
17:51:20.343 [Test worker] DEBUG org.springframework.test.annotation.ProfileValueUtils - Retrieved ProfileValueSource type [class org.springframework.test.annotation.SystemProfileValueSource] for class [com.ssinsaram2.book.springboot.web.HelloControllerTest]
17:51:20.351 [Test worker] DEBUG org.springframework.test.context.support.AbstractDirtiesContextTestExecutionListener - Before test class: context [DefaultTestContext@21c21163 testClass = HelloControllerTest, testInstance = [null], testMethod = [null], testException = [null], mergedContextConfiguration = [WebMergedContextConfiguration@695593c3 testClass = HelloControllerTest, locations = '{}', classes = '{class com.ssinsaram2.book.springboot.Application}', contextInitializerClasses = '[]', activeProfiles = '{}', propertySourceLocations = '{}', propertySourceProperties = '{org.springframework.boot.test.autoconfigure.web.servlet.WebMvcTestContextBootstrapper=true}', contextCustomizers = set[org.springframework.boot.test.autoconfigure.OverrideAutoConfigurationContextCustomizerFactory$DisableAutoConfigurationContextCustomizer@364de38c, org.springframework.boot.test.autoconfigure.filter.TypeExcludeFiltersContextCustomizer@a1fe12d7, org.springframework.boot.test.autoconfigure.properties.PropertyMappingContextCustomizer@e4dea5ad, org.springframework.boot.test.autoconfigure.web.servlet.WebDriverContextCustomizerFactory$Customizer@16b0eb83, [ImportsContextCustomizer@1dfa238b key = [org.springframework.boot.autoconfigure.cache.CacheAutoConfiguration, org.springframework.boot.autoconfigure.context.MessageSourceAutoConfiguration, org.springframework.boot.autoconfigure.data.web.SpringDataWebAutoConfiguration, org.springframework.boot.autoconfigure.freemarker.FreeMarkerAutoConfiguration, org.springframework.boot.autoconfigure.groovy.template.GroovyTemplateAutoConfiguration, org.springframework.boot.autoconfigure.gson.GsonAutoConfiguration, org.springframework.boot.autoconfigure.hateoas.HypermediaAutoConfiguration, org.springframework.boot.autoconfigure.http.HttpMessageConvertersAutoConfiguration, org.springframework.boot.autoconfigure.jackson.JacksonAutoConfiguration, org.springframework.boot.autoconfigure.jsonb.JsonbAutoConfiguration, org.springframework.boot.autoconfigure.mustache.MustacheAutoConfiguration, org.springframework.boot.autoconfigure.task.TaskExecutionAutoConfiguration, org.springframework.boot.autoconfigure.thymeleaf.ThymeleafAutoConfiguration, org.springframework.boot.autoconfigure.validation.ValidationAutoConfiguration, org.springframework.boot.autoconfigure.web.servlet.error.ErrorMvcAutoConfiguration, org.springframework.boot.autoconfigure.web.servlet.WebMvcAutoConfiguration, org.springframework.boot.test.autoconfigure.web.servlet.MockMvcAutoConfiguration, org.springframework.boot.test.autoconfigure.web.servlet.MockMvcSecurityAutoConfiguration, org.springframework.boot.test.autoconfigure.web.servlet.MockMvcWebClientAutoConfiguration, org.springframework.boot.test.autoconfigure.web.servlet.MockMvcWebDriverAutoConfiguration]], org.springframework.boot.test.context.filter.ExcludeFilterContextCustomizer@19d78af6, org.springframework.boot.test.json.DuplicateJsonObjectContextCustomizerFactory$DuplicateJsonObjectContextCustomizer@708543d, org.springframework.boot.test.mock.mockito.MockitoContextCustomizer@0], resourceBasePath = 'src/main/webapp', contextLoader = 'org.springframework.boot.test.context.SpringBootContextLoader', parent = [null]], attributes = map[[empty]]], class annotated with @DirtiesContext [false] with mode [null].
17:51:20.353 [Test worker] DEBUG org.springframework.test.annotation.ProfileValueUtils - Retrieved @ProfileValueSourceConfiguration [null] for test class [com.ssinsaram2.book.springboot.web.HelloControllerTest]
17:51:20.353 [Test worker] DEBUG org.springframework.test.annotation.ProfileValueUtils - Retrieved ProfileValueSource type [class org.springframework.test.annotation.SystemProfileValueSource] for class [com.ssinsaram2.book.springboot.web.HelloControllerTest]
17:51:20.359 [Test worker] DEBUG org.springframework.test.context.support.DependencyInjectionTestExecutionListener - Performing dependency injection for test context [[DefaultTestContext@21c21163 testClass = HelloControllerTest, testInstance = com.ssinsaram2.book.springboot.web.HelloControllerTest@1e791a15, testMethod = [null], testException = [null], mergedContextConfiguration = [WebMergedContextConfiguration@695593c3 testClass = HelloControllerTest, locations = '{}', classes = '{class com.ssinsaram2.book.springboot.Application}', contextInitializerClasses = '[]', activeProfiles = '{}', propertySourceLocations = '{}', propertySourceProperties = '{org.springframework.boot.test.autoconfigure.web.servlet.WebMvcTestContextBootstrapper=true}', contextCustomizers = set[org.springframework.boot.test.autoconfigure.OverrideAutoConfigurationContextCustomizerFactory$DisableAutoConfigurationContextCustomizer@364de38c, org.springframework.boot.test.autoconfigure.filter.TypeExcludeFiltersContextCustomizer@a1fe12d7, org.springframework.boot.test.autoconfigure.properties.PropertyMappingContextCustomizer@e4dea5ad, org.springframework.boot.test.autoconfigure.web.servlet.WebDriverContextCustomizerFactory$Customizer@16b0eb83, [ImportsContextCustomizer@1dfa238b key = [org.springframework.boot.autoconfigure.cache.CacheAutoConfiguration, org.springframework.boot.autoconfigure.context.MessageSourceAutoConfiguration, org.springframework.boot.autoconfigure.data.web.SpringDataWebAutoConfiguration, org.springframework.boot.autoconfigure.freemarker.FreeMarkerAutoConfiguration, org.springframework.boot.autoconfigure.groovy.template.GroovyTemplateAutoConfiguration, org.springframework.boot.autoconfigure.gson.GsonAutoConfiguration, org.springframework.boot.autoconfigure.hateoas.HypermediaAutoConfiguration, org.springframework.boot.autoconfigure.http.HttpMessageConvertersAutoConfiguration, org.springframework.boot.autoconfigure.jackson.JacksonAutoConfiguration, org.springframework.boot.autoconfigure.jsonb.JsonbAutoConfiguration, org.springframework.boot.autoconfigure.mustache.MustacheAutoConfiguration, org.springframework.boot.autoconfigure.task.TaskExecutionAutoConfiguration, org.springframework.boot.autoconfigure.thymeleaf.ThymeleafAutoConfiguration, org.springframework.boot.autoconfigure.validation.ValidationAutoConfiguration, org.springframework.boot.autoconfigure.web.servlet.error.ErrorMvcAutoConfiguration, org.springframework.boot.autoconfigure.web.servlet.WebMvcAutoConfiguration, org.springframework.boot.test.autoconfigure.web.servlet.MockMvcAutoConfiguration, org.springframework.boot.test.autoconfigure.web.servlet.MockMvcSecurityAutoConfiguration, org.springframework.boot.test.autoconfigure.web.servlet.MockMvcWebClientAutoConfiguration, org.springframework.boot.test.autoconfigure.web.servlet.MockMvcWebDriverAutoConfiguration]], org.springframework.boot.test.context.filter.ExcludeFilterContextCustomizer@19d78af6, org.springframework.boot.test.json.DuplicateJsonObjectContextCustomizerFactory$DuplicateJsonObjectContextCustomizer@708543d, org.springframework.boot.test.mock.mockito.MockitoContextCustomizer@0], resourceBasePath = 'src/main/webapp', contextLoader = 'org.springframework.boot.test.context.SpringBootContextLoader', parent = [null]], attributes = map[[empty]]]].
17:51:20.536 [Test worker] DEBUG org.springframework.test.context.support.TestPropertySourceUtils - Adding inlined properties to environment: {spring.jmx.enabled=false, org.springframework.boot.test.autoconfigure.web.servlet.WebMvcTestContextBootstrapper=true, server.port=-1}

  .   ____          _            __ _ _
 /\\ / ___'_ __ _ _(_)_ __  __ _ \ \ \ \
( ( )\___ | '_ | '_| | '_ \/ _` | \ \ \ \
 \\/  ___)| |_)| | | | | || (_| |  ) ) ) )
  '  |____| .__|_| |_|_| |_\__, | / / / /
 =========|_|==============|___/=/_/_/_/
 :: Spring Boot ::        (v2.1.7.RELEASE)

2022-03-11 17:51:20.935  INFO 18020 --- [    Test worker] c.s.b.s.web.HelloControllerTest          : Starting HelloControllerTest on DESKTOP-L02OD3L with PID 18020 (started by ssins in D:\freelec-springboot2-webservice)
2022-03-11 17:51:20.936  INFO 18020 --- [    Test worker] c.s.b.s.web.HelloControllerTest          : The following profiles are active: oauth
2022-03-11 17:51:22.893  INFO 18020 --- [    Test worker] o.s.s.concurrent.ThreadPoolTaskExecutor  : Initializing ExecutorService 'applicationTaskExecutor'
2022-03-11 17:51:23.038  INFO 18020 --- [    Test worker] o.s.b.a.w.s.WelcomePageHandlerMapping    : Adding welcome page template: index
2022-03-11 17:51:23.472  INFO 18020 --- [    Test worker] .s.s.UserDetailsServiceAutoConfiguration : 

Using generated security password: 417034d5-bfaf-4127-89ad-df661aa6bb9b

2022-03-11 17:51:23.860  INFO 18020 --- [    Test worker] o.s.s.web.DefaultSecurityFilterChain     : Creating filter chain: any request, [org.springframework.security.web.context.request.async.WebAsyncManagerIntegrationFilter@5258375b, org.springframework.security.web.context.SecurityContextPersistenceFilter@747e32d, org.springframework.security.web.header.HeaderWriterFilter@18daaf3c, org.springframework.security.web.csrf.CsrfFilter@4a109b8a, org.springframework.security.web.authentication.logout.LogoutFilter@6636be1f, org.springframework.security.web.authentication.UsernamePasswordAuthenticationFilter@33eb4211, org.springframework.security.web.authentication.ui.DefaultLoginPageGeneratingFilter@1d5261e0, org.springframework.security.web.authentication.ui.DefaultLogoutPageGeneratingFilter@14e2f25f, org.springframework.security.web.authentication.www.BasicAuthenticationFilter@4ffa8372, org.springframework.security.web.savedrequest.RequestCacheAwareFilter@258b5457, org.springframework.security.web.servletapi.SecurityContextHolderAwareRequestFilter@20ff1c00, org.springframework.security.web.authentication.AnonymousAuthenticationFilter@3fd2c0d8, org.springframework.security.web.session.SessionManagementFilter@5966c830, org.springframework.security.web.access.ExceptionTranslationFilter@fa1b682, org.springframework.security.web.access.intercept.FilterSecurityInterceptor@811fd4f]
2022-03-11 17:51:23.934  INFO 18020 --- [    Test worker] o.s.b.t.m.w.SpringBootMockServletContext : Initializing Spring TestDispatcherServlet ''
2022-03-11 17:51:23.934  INFO 18020 --- [    Test worker] o.s.t.web.servlet.TestDispatcherServlet  : Initializing Servlet ''
2022-03-11 17:51:23.957  INFO 18020 --- [    Test worker] o.s.t.web.servlet.TestDispatcherServlet  : Completed initialization in 23 ms
2022-03-11 17:51:24.030  INFO 18020 --- [    Test worker] c.s.b.s.web.HelloControllerTest          : Started HelloControllerTest in 3.482 seconds (JVM running for 6.508)
]]></system-out>
  <system-err><![CDATA[]]></system-err>
</testsuite>
