<?xml version="1.0" encoding="UTF-8"?>
<testsuite name="com.ssinsaram2.book.springboot.web.PostsApiControllerTest" tests="2" skipped="0" failures="0" errors="0" timestamp="2022-03-11T08:51:35" hostname="DESKTOP-L02OD3L" time="0.176">
  <properties/>
  <testcase name="Posts_등록된다" classname="com.ssinsaram2.book.springboot.web.PostsApiControllerTest" time="0.124"/>
  <testcase name="Posts_수정된다" classname="com.ssinsaram2.book.springboot.web.PostsApiControllerTest" time="0.051"/>
  <system-out><![CDATA[2022-03-11 17:51:35.585  INFO 18020 --- [    Test worker] .b.t.c.SpringBootTestContextBootstrapper : Neither @ContextConfiguration nor @ContextHierarchy found for test class [com.ssinsaram2.book.springboot.web.PostsApiControllerTest], using SpringBootContextLoader
2022-03-11 17:51:35.586  INFO 18020 --- [    Test worker] o.s.t.c.support.AbstractContextLoader    : Could not detect default resource locations for test class [com.ssinsaram2.book.springboot.web.PostsApiControllerTest]: no resource found for suffixes {-context.xml, Context.groovy}.
2022-03-11 17:51:35.586  INFO 18020 --- [    Test worker] t.c.s.AnnotationConfigContextLoaderUtils : Could not detect default configuration classes for test class [com.ssinsaram2.book.springboot.web.PostsApiControllerTest]: PostsApiControllerTest does not declare any static, non-private, non-final, nested classes annotated with @Configuration.
2022-03-11 17:51:35.588  INFO 18020 --- [    Test worker] .b.t.c.SpringBootTestContextBootstrapper : Found @SpringBootConfiguration com.ssinsaram2.book.springboot.Application for test class com.ssinsaram2.book.springboot.web.PostsApiControllerTest
2022-03-11 17:51:35.591  INFO 18020 --- [    Test worker] .b.t.c.SpringBootTestContextBootstrapper : Loaded default TestExecutionListener class names from location [META-INF/spring.factories]: [org.springframework.security.test.context.support.WithSecurityContextTestExecutionListener, org.springframework.security.test.context.support.ReactorContextTestExecutionListener, org.springframework.boot.test.autoconfigure.restdocs.RestDocsTestExecutionListener, org.springframework.boot.test.autoconfigure.web.client.MockRestServiceServerResetTestExecutionListener, org.springframework.boot.test.autoconfigure.web.servlet.MockMvcPrintOnlyOnFailureTestExecutionListener, org.springframework.boot.test.autoconfigure.web.servlet.WebDriverTestExecutionListener, org.springframework.boot.test.mock.mockito.MockitoTestExecutionListener, org.springframework.boot.test.mock.mockito.ResetMocksTestExecutionListener, org.springframework.test.context.web.ServletTestExecutionListener, org.springframework.test.context.support.DirtiesContextBeforeModesTestExecutionListener, org.springframework.test.context.support.DependencyInjectionTestExecutionListener, org.springframework.test.context.support.DirtiesContextTestExecutionListener, org.springframework.test.context.transaction.TransactionalTestExecutionListener, org.springframework.test.context.jdbc.SqlScriptsTestExecutionListener]
2022-03-11 17:51:35.592  INFO 18020 --- [    Test worker] .b.t.c.SpringBootTestContextBootstrapper : Using TestExecutionListeners: [org.springframework.test.context.web.ServletTestExecutionListener@663cc112, org.springframework.test.context.support.DirtiesContextBeforeModesTestExecutionListener@3c90e5c3, org.springframework.boot.test.mock.mockito.MockitoTestExecutionListener@54ee7b20, org.springframework.boot.test.autoconfigure.SpringBootDependencyInjectionTestExecutionListener@6b227654, org.springframework.test.context.support.DirtiesContextTestExecutionListener@6b960e73, org.springframework.test.context.transaction.TransactionalTestExecutionListener@5013403f, org.springframework.test.context.jdbc.SqlScriptsTestExecutionListener@77030666, org.springframework.security.test.context.support.WithSecurityContextTestExecutionListener@f6b4e04, org.springframework.security.test.context.support.ReactorContextTestExecutionListener@54552c0c, org.springframework.boot.test.autoconfigure.restdocs.RestDocsTestExecutionListener@1e8d8c01, org.springframework.boot.test.autoconfigure.web.client.MockRestServiceServerResetTestExecutionListener@71d29980, org.springframework.boot.test.autoconfigure.web.servlet.MockMvcPrintOnlyOnFailureTestExecutionListener@241cf2d0, org.springframework.boot.test.autoconfigure.web.servlet.WebDriverTestExecutionListener@59d48f13, org.springframework.boot.test.mock.mockito.ResetMocksTestExecutionListener@2bcbfdac]
2022-03-11 17:51:35.606  INFO 18020 --- [    Test worker] o.a.c.c.C.[Tomcat].[localhost].[/]       : Initializing Spring TestDispatcherServlet ''
2022-03-11 17:51:35.606  INFO 18020 --- [    Test worker] o.s.t.web.servlet.TestDispatcherServlet  : Initializing Servlet ''
2022-03-11 17:51:35.609  INFO 18020 --- [    Test worker] o.s.t.web.servlet.TestDispatcherServlet  : Completed initialization in 3 ms
Hibernate: insert into posts (created_date, modified_date, author, content, title) values (?, ?, ?, ?, ?)
Hibernate: select posts0_.id as id1_0_, posts0_.created_date as created_2_0_, posts0_.modified_date as modified3_0_, posts0_.author as author4_0_, posts0_.content as content5_0_, posts0_.title as title6_0_ from posts posts0_
Hibernate: select posts0_.id as id1_0_, posts0_.created_date as created_2_0_, posts0_.modified_date as modified3_0_, posts0_.author as author4_0_, posts0_.content as content5_0_, posts0_.title as title6_0_ from posts posts0_
Hibernate: delete from posts where id=?
2022-03-11 17:51:35.725  INFO 18020 --- [    Test worker] o.a.c.c.C.[Tomcat].[localhost].[/]       : Initializing Spring TestDispatcherServlet ''
2022-03-11 17:51:35.726  INFO 18020 --- [    Test worker] o.s.t.web.servlet.TestDispatcherServlet  : Initializing Servlet ''
2022-03-11 17:51:35.731  INFO 18020 --- [    Test worker] o.s.t.web.servlet.TestDispatcherServlet  : Completed initialization in 5 ms
Hibernate: insert into posts (created_date, modified_date, author, content, title) values (?, ?, ?, ?, ?)
Hibernate: select posts0_.id as id1_0_0_, posts0_.created_date as created_2_0_0_, posts0_.modified_date as modified3_0_0_, posts0_.author as author4_0_0_, posts0_.content as content5_0_0_, posts0_.title as title6_0_0_ from posts posts0_ where posts0_.id=?
Hibernate: update posts set created_date=?, modified_date=?, author=?, content=?, title=? where id=?
Hibernate: select posts0_.id as id1_0_, posts0_.created_date as created_2_0_, posts0_.modified_date as modified3_0_, posts0_.author as author4_0_, posts0_.content as content5_0_, posts0_.title as title6_0_ from posts posts0_
Hibernate: select posts0_.id as id1_0_, posts0_.created_date as created_2_0_, posts0_.modified_date as modified3_0_, posts0_.author as author4_0_, posts0_.content as content5_0_, posts0_.title as title6_0_ from posts posts0_
Hibernate: delete from posts where id=?
]]></system-out>
  <system-err><![CDATA[]]></system-err>
</testsuite>
